INFO:root:varios fotos started at 2020-04-07 13:28:00.477205
INFO:root:varios fotos ended at 2020-04-07 14:07:38.647437, 0:39:38.171276 elapsed             17558 files scanned, 2008 files relocated
INFO:root:02-11-2019 Formigal started at 2020-04-07 14:07:38.650511
INFO:root:02-11-2019 Formigal ended at 2020-04-07 14:25:11.676421, 0:17:33.025910 elapsed             418 files scanned, 26 files relocated
INFO:root:2-16-2019 Cuerda Larga started at 2020-04-07 14:25:11.676421
INFO:root:2-16-2019 Cuerda Larga ended at 2020-04-07 14:27:28.207144, 0:02:16.530723 elapsed             64 files scanned, 7 files relocated
INFO:root:2016 - 9 Cancún iPhone started at 2020-04-07 14:27:28.208769
INFO:root:2016 - 9 Cancún iPhone ended at 2020-04-07 14:27:28.237133, 0:00:00.028364 elapsed             0 files scanned, 0 files relocated
INFO:root:2016-09 Cancún started at 2020-04-07 14:27:28.237133
INFO:root:2016-09 Cancún ended at 2020-04-07 14:27:28.237133, 0:00:00 elapsed             0 files scanned, 0 files relocated
INFO:root:2017 started at 2020-04-07 14:27:28.237133
INFO:root:2017 ended at 2020-04-07 14:27:28.489239, 0:00:00.252106 elapsed             0 files scanned, 0 files relocated
INFO:root:2017-01-01 started at 2020-04-07 14:27:28.489239
INFO:root:2017-01-01 ended at 2020-04-07 14:29:08.670017, 0:01:40.180892 elapsed             14 files scanned, 8 files relocated
INFO:root:2018 started at 2020-04-07 14:29:08.670131
INFO:root:2018 ended at 2020-04-07 14:29:08.691761, 0:00:00.021630 elapsed             0 files scanned, 0 files relocated
INFO:root:2018-11-10 started at 2020-04-07 14:29:08.691761
INFO:root:2018-11-10 ended at 2020-04-07 14:30:12.228427, 0:01:03.536666 elapsed             2 files scanned, 2 files relocated
INFO:root:2018-11-21 started at 2020-04-07 14:30:12.228427
INFO:root:2018-11-21 ended at 2020-04-07 14:32:48.827385, 0:02:36.598958 elapsed             10 files scanned, 8 files relocated
INFO:root:2018-12-25 started at 2020-04-07 14:32:48.827385
INFO:root:2018-12-25 ended at 2020-04-07 14:40:26.559923, 0:07:37.735499 elapsed             42 files scanned, 23 files relocated
INFO:root:2018-06-01 Galapagar started at 2020-04-07 14:40:26.968827
INFO:root:2018-06-01 Galapagar ended at 2020-04-07 14:44:27.452519, 0:04:00.483692 elapsed             56 files scanned, 1 files relocated
INFO:root:exportados started at 2020-04-07 14:44:27.453471
INFO:root:exportados ended at 2020-04-07 14:44:35.058523, 0:00:07.605052 elapsed             18 files scanned, 6 files relocated
INFO:root:2018-07-31 Cumpleaños started at 2020-04-07 14:44:35.058523
INFO:root:2018-07-31 Cumpleaños ended at 2020-04-07 14:48:13.834816, 0:03:38.776293 elapsed             44 files scanned, 2 files relocated
INFO:root:2018-08 Portugal started at 2020-04-07 14:48:13.834816
INFO:root:2018-08 Portugal ended at 2020-04-07 14:57:44.670281, 0:09:30.835465 elapsed             129 files scanned, 2 files relocated
INFO:root:exportados started at 2020-04-07 14:57:44.670415
INFO:root:exportados ended at 2020-04-07 14:57:50.128106, 0:00:05.457691 elapsed             34 files scanned, 0 files relocated
INFO:root:2018-09 Canada Family started at 2020-04-07 14:57:50.128106
INFO:root:2018-09 Canada Family ended at 2020-04-07 15:42:00.141572, 0:44:10.013466 elapsed             639 files scanned, 7 files relocated
INFO:root:2019-07-13y14 Asturias started at 2020-04-07 15:42:00.142416
INFO:root:2019-07-13y14 Asturias ended at 2020-04-07 15:42:00.194274, 0:00:00.051858 elapsed             0 files scanned, 0 files relocated
INFO:root:01 Dron started at 2020-04-07 15:42:00.194274
INFO:root:01 Dron ended at 2020-04-07 15:50:42.385785, 0:08:42.191511 elapsed             24 files scanned, 24 files relocated
INFO:root:02 Camara started at 2020-04-07 15:50:42.386782
INFO:root:02 Camara ended at 2020-04-07 15:53:44.249024, 0:03:01.862242 elapsed             37 files scanned, 1 files relocated
INFO:root:2019-07-24 Ibiza started at 2020-04-07 15:53:44.250023
INFO:root:2019-07-24 Ibiza ended at 2020-04-07 15:56:46.640501, 0:03:02.390478 elapsed             9 files scanned, 7 files relocated
INFO:root:Editados started at 2020-04-07 15:56:46.733348
INFO:root:Editados ended at 2020-04-07 15:56:46.762498, 0:00:00.029150 elapsed             0 files scanned, 0 files relocated
INFO:root:559E started at 2020-04-07 15:56:46.763288
INFO:root:559E ended at 2020-04-07 15:56:47.174958, 0:00:00.411670 elapsed             1 files scanned, 1 files relocated
INFO:root:Brasil started at 2020-04-07 15:56:47.174958
