This is pdfTeX, Version 3.14159265-2.6-1.40.21 (MiKTeX 2.9.7300 64-bit) (preloaded format=pdflatex 2020.3.16)  6 MAY 2020 22:03
entering extended mode
**./graphlib.tex
(graphlib.tex
LaTeX2e <2020-02-02> patch level 5
L3 programming layer <2020-03-06> (sphinxmanual.cls
Document Class: sphinxmanual 2019/12/01 v2.3.0 Document class (Sphinx manual)
("C:\Program Files\MiKTeX 2.9\tex/latex/base\report.cls"
Document Class: report 2019/12/20 v1.4l Standard LaTeX document class
("C:\Program Files\MiKTeX 2.9\tex/latex/base\size10.clo"
File: size10.clo 2019/12/20 v1.4l Standard LaTeX file (size option)
)
\c@part=\count167
\c@chapter=\count168
\c@section=\count169
\c@subsection=\count170
\c@subsubsection=\count171
\c@paragraph=\count172
\c@subparagraph=\count173
\c@figure=\count174
\c@table=\count175
\abovecaptionskip=\skip47
\belowcaptionskip=\skip48
\bibindent=\dimen134
)
LaTeX Info: Redefining \and on input line 35.
)
("C:\Program Files\MiKTeX 2.9\tex/latex/base\inputenc.sty"
Package: inputenc 2018/08/11 v1.3c Input encoding file
\inpenc@prehook=\toks15
\inpenc@posthook=\toks16
)
   defining Unicode char U+00A0 (decimal 160)
   defining Unicode char U+2500 (decimal 9472)
   defining Unicode char U+2502 (decimal 9474)
   defining Unicode char U+2514 (decimal 9492)
   defining Unicode char U+251C (decimal 9500)
   defining Unicode char U+2572 (decimal 9586)

("C:\Users\Jorge Pulido\AppData\Roaming\MiKTeX\2.9\tex/latex/cmap\cmap.sty"
Package: cmap 2008/03/06 v1.0h CMap support: searchable PDF
)
("C:\Program Files\MiKTeX 2.9\tex/latex/base\fontenc.sty"
Package: fontenc 2020/02/11 v2.0o Standard LaTeX package

! I can't write on file `graphlib.pdf'.
Please type another file name for output: graphlib_old.pdf
<<t1.cmap>>) ("C:\Program Files\MiKTeX 2.9\tex/latex/amsmath\amsmath.sty"
Package: amsmath 2020/01/20 v2.17e AMS math features
\@mathmargin=\skip49

For additional information on amsmath, use the `?' option.
("C:\Program Files\MiKTeX 2.9\tex/latex/amsmath\amstext.sty"
Package: amstext 2000/06/29 v2.01 AMS text

("C:\Program Files\MiKTeX 2.9\tex/latex/amsmath\amsgen.sty"
File: amsgen.sty 1999/11/30 v2.0 generic functions
\@emptytoks=\toks17
\ex@=\dimen135
))
("C:\Program Files\MiKTeX 2.9\tex/latex/amsmath\amsbsy.sty"
Package: amsbsy 1999/11/29 v1.2d Bold Symbols
\pmbraise@=\dimen136
)
("C:\Program Files\MiKTeX 2.9\tex/latex/amsmath\amsopn.sty"
Package: amsopn 2016/03/08 v2.02 operator names
)
\inf@bad=\count176
LaTeX Info: Redefining \frac on input line 227.
\uproot@=\count177
\leftroot@=\count178
LaTeX Info: Redefining \overline on input line 389.
\classnum@=\count179
\DOTSCASE@=\count180
LaTeX Info: Redefining \ldots on input line 486.
LaTeX Info: Redefining \dots on input line 489.
LaTeX Info: Redefining \cdots on input line 610.
\Mathstrutbox@=\box45
\strutbox@=\box46
\big@size=\dimen137
LaTeX Font Info:    Redeclaring font encoding OML on input line 733.
LaTeX Font Info:    Redeclaring font encoding OMS on input line 734.
\macc@depth=\count181
\c@MaxMatrixCols=\count182
\dotsspace@=\muskip16
\c@parentequation=\count183
\dspbrk@lvl=\count184
\tag@help=\toks18
\row@=\count185
\column@=\count186
\maxfields@=\count187
\andhelp@=\toks19
\eqnshift@=\dimen138
\alignsep@=\dimen139
\tagshift@=\dimen140
\tagwidth@=\dimen141
\totwidth@=\dimen142
\lineht@=\dimen143
\@envbody=\toks20
\multlinegap=\skip50
\multlinetaggap=\skip51
\mathdisplay@stack=\toks21
LaTeX Info: Redefining \[ on input line 2859.
LaTeX Info: Redefining \] on input line 2860.
)
("C:\Program Files\MiKTeX 2.9\tex/latex/amsfonts\amssymb.sty"
Package: amssymb 2013/01/14 v3.01 AMS font symbols

("C:\Program Files\MiKTeX 2.9\tex/latex/amsfonts\amsfonts.sty"
Package: amsfonts 2013/01/14 v3.01 Basic AMSFonts support
\symAMSa=\mathgroup4
\symAMSb=\mathgroup5
LaTeX Font Info:    Redeclaring math symbol \hbar on input line 98.
LaTeX Font Info:    Overwriting math alphabet `\mathfrak' in version `bold'
(Font)                  U/euf/m/n --> U/euf/b/n on input line 106.
))
("C:\Program Files\MiKTeX 2.9\tex/generic/babel\babel.sty"
Package: babel 2020/02/28 3.41 The Babel package

("C:\Program Files\MiKTeX 2.9\tex/generic/babel\switch.def"
File: switch.def 2020/02/28 3.41 Babel switching mechanism
)
*************************************
* Local config file bblopts.cfg used
*
("C:\Users\Jorge Pulido\AppData\Roaming\MiKTeX\2.9\tex/latex/arabi\bblopts.cfg"
File: bblopts.cfg 2005/09/08 v0.1 add Arabic and Farsi to "declared" options of
 babel
) ("C:\Program Files\MiKTeX 2.9\tex/latex/babel-english\english.ldf"
Language: english 2017/06/06 v3.3r English support from the babel system

("C:\Program Files\MiKTeX 2.9\tex/generic/babel\babel.def"
File: babel.def 2020/02/28 3.41 Babel common definitions
\babel@savecnt=\count188
\U@D=\dimen144

("C:\Program Files\MiKTeX 2.9\tex/generic/babel\txtbabel.def")
\bbl@readstream=\read2
\bbl@dirlevel=\count189
)
Package babel Info: \l@canadian = using hyphenrules for english
(babel)             (\language0) on input line 102.
Package babel Info: \l@australian = using hyphenrules for ukenglish
(babel)             (\language76) on input line 105.
Package babel Info: \l@newzealand = using hyphenrules for ukenglish
(babel)             (\language76) on input line 108.
))
("C:\Program Files\MiKTeX 2.9\tex/latex/psnfss\times.sty"
Package: times 2005/04/12 PSNFSS-v9.2a (SPQR) 
)
("C:\Users\Jorge Pulido\AppData\Roaming\MiKTeX\2.9\tex/latex/fncychap\fncychap.
sty"
Package: fncychap 2007/07/30 v1.34 LaTeX package (Revised chapters)
\RW=\skip52
\mylen=\skip53
\myhi=\skip54
\px=\skip55
\py=\skip56
\pyy=\skip57
\pxx=\skip58
\c@AlphaCnt=\count190
\c@AlphaDecCnt=\count191
) (sphinx.sty
Package: sphinx 2019/09/02 v2.3.0 LaTeX package (Sphinx markup)

("C:\Users\Jorge Pulido\AppData\Roaming\MiKTeX\2.9\tex/generic/ltxcmds\ltxcmds.
sty"
Package: ltxcmds 2019/12/15 v1.24 LaTeX kernel commands for general use (HO)
) ("C:\Program Files\MiKTeX 2.9\tex/latex/graphics\graphicx.sty"
Package: graphicx 2019/11/30 v1.2a Enhanced LaTeX Graphics (DPC,SPQR)

("C:\Program Files\MiKTeX 2.9\tex/latex/graphics\keyval.sty"
Package: keyval 2014/10/28 v1.15 key=value parser (DPC)
\KV@toks@=\toks22
)
("C:\Program Files\MiKTeX 2.9\tex/latex/graphics\graphics.sty"
Package: graphics 2019/11/30 v1.4a Standard LaTeX Graphics (DPC,SPQR)

("C:\Program Files\MiKTeX 2.9\tex/latex/graphics\trig.sty"
Package: trig 2016/01/03 v1.10 sin cos tan (DPC)
)
("C:\Program Files\MiKTeX 2.9\tex/latex/graphics-cfg\graphics.cfg"
File: graphics.cfg 2016/06/04 v1.11 sample graphics configuration
)
Package graphics Info: Driver file: pdftex.def on input line 105.

("C:\Program Files\MiKTeX 2.9\tex/latex/graphics-def\pdftex.def"
File: pdftex.def 2018/01/08 v1.0l Graphics/color driver for pdftex
))
\Gin@req@height=\dimen145
\Gin@req@width=\dimen146
)
("C:\Users\Jorge Pulido\AppData\Roaming\MiKTeX\2.9\tex/latex/fancyhdr\fancyhdr.
sty"
Package: fancyhdr 2019/01/31 v3.10 Extensive control of page headers and footer
s
\f@nch@headwidth=\skip59
\f@nch@O@elh=\skip60
\f@nch@O@erh=\skip61
\f@nch@O@olh=\skip62
\f@nch@O@orh=\skip63
\f@nch@O@elf=\skip64
\f@nch@O@erf=\skip65
\f@nch@O@olf=\skip66
\f@nch@O@orf=\skip67
) ("C:\Program Files\MiKTeX 2.9\tex/latex/base\textcomp.sty"
Package: textcomp 2020/02/02 v2.0n Standard LaTeX package
)
("C:\Users\Jorge Pulido\AppData\Roaming\MiKTeX\2.9\tex/latex/titlesec\titlesec.
sty"
Package: titlesec 2019/10/16 v2.13 Sectioning titles
\ttl@box=\box47
\beforetitleunit=\skip68
\aftertitleunit=\skip69
\ttl@plus=\dimen147
\ttl@minus=\dimen148
\ttl@toksa=\toks23
\titlewidth=\dimen149
\titlewidthlast=\dimen150
\titlewidthfirst=\dimen151
)
("C:\Users\Jorge Pulido\AppData\Roaming\MiKTeX\2.9\tex/latex/tabulary\tabulary.
sty"
Package: tabulary 2014/06/11 v0.10 tabulary package (DPC)
 ("C:\Program Files\MiKTeX 2.9\tex/latex/tools\array.sty"
Package: array 2019/08/31 v2.4l Tabular extension package (FMi)
\col@sep=\dimen152
\ar@mcellbox=\box48
\extrarowheight=\dimen153
\NC@list=\toks24
\extratabsurround=\skip70
\backup@length=\skip71
\ar@cellbox=\box49
)
\TY@count=\count192
\TY@linewidth=\dimen154
\tymin=\dimen155
\tymax=\dimen156
\TY@tablewidth=\dimen157
)
("C:\Program Files\MiKTeX 2.9\tex/latex/tools\longtable.sty"
Package: longtable 2020/01/07 v4.13 Multi-page Table package (DPC)
\LTleft=\skip72
\LTright=\skip73
\LTpre=\skip74
\LTpost=\skip75
\LTchunksize=\count193
\LTcapwidth=\dimen158
\LT@head=\box50
\LT@firsthead=\box51
\LT@foot=\box52
\LT@lastfoot=\box53
\LT@cols=\count194
\LT@rows=\count195
\c@LT@tables=\count196
\c@LT@chunks=\count197
\LT@p@ftn=\toks25
)
("C:\Users\Jorge Pulido\AppData\Roaming\MiKTeX\2.9\tex/latex/varwidth\varwidth.
sty"
Package: varwidth 2009/03/30 ver 0.92;  Variable-width minipages
\@vwid@box=\box54
\sift@deathcycles=\count198
\@vwid@loff=\dimen159
\@vwid@roff=\dimen160
) (sphinxmulticell.sty
Package: sphinxmulticell 2017/02/23 v1.6 better span rows and columns of a tabl
e (Sphinx team)
\sphinx@TY@tablewidth=\dimen161
)
("C:\Program Files\MiKTeX 2.9\tex/latex/base\makeidx.sty"
Package: makeidx 2014/09/29 v1.0m Standard LaTeX package
)
("C:\Users\Jorge Pulido\AppData\Roaming\MiKTeX\2.9\tex/latex/framed\framed.sty"
Package: framed 2011/10/22 v 0.96: framed or shaded text with page breaks
\OuterFrameSep=\skip76
\fb@frw=\dimen162
\fb@frh=\dimen163
\FrameRule=\dimen164
\FrameSep=\dimen165
) ("C:\Users\Jorge Pulido\AppData\Roaming\MiKTeX\2.9\tex/latex/xcolor\xcolor.st
y"
Package: xcolor 2016/05/11 v2.12 LaTeX color extensions (UK)
 ("C:\Program Files\MiKTeX 2.9\tex/latex/graphics-cfg\color.cfg"
File: color.cfg 2016/01/02 v1.6 sample color configuration
)
Package xcolor Info: Driver file: pdftex.def on input line 225.
Package xcolor Info: Model `cmy' substituted by `cmy0' on input line 1348.
Package xcolor Info: Model `hsb' substituted by `rgb' on input line 1352.
Package xcolor Info: Model `RGB' extended on input line 1364.
Package xcolor Info: Model `HTML' substituted by `rgb' on input line 1366.
Package xcolor Info: Model `Hsb' substituted by `hsb' on input line 1367.
Package xcolor Info: Model `tHsb' substituted by `hsb' on input line 1368.
Package xcolor Info: Model `HSB' substituted by `hsb' on input line 1369.
Package xcolor Info: Model `Gray' substituted by `gray' on input line 1370.
Package xcolor Info: Model `wave' substituted by `hsb' on input line 1371.
)
("C:\Users\Jorge Pulido\AppData\Roaming\MiKTeX\2.9\tex/latex/fancyvrb\fancyvrb.
sty"
Package: fancyvrb 2020/01/13 v3.5 verbatim text (tvz,hv)
\FV@CodeLineNo=\count199
\FV@InFile=\read3
\FV@TabBox=\box55
\c@FancyVerbLine=\count266
\FV@StepNumber=\count267
\FV@OutFile=\write3
) (footnotehyper-sphinx.sty
Package: footnotehyper-sphinx 2017/10/27 v1.7 hyperref aware footnote.sty for s
phinx (JFB)
\FNH@notes=\box56
\FNH@width=\dimen166
)
("C:\Program Files\MiKTeX 2.9\tex/latex/float\float.sty"
Package: float 2001/11/08 v1.3d Float enhancements (AL)
\c@float@type=\count268
\float@exts=\toks26
\float@box=\box57
\@float@everytoks=\toks27
\@floatcapt=\box58
)
("C:\Users\Jorge Pulido\AppData\Roaming\MiKTeX\2.9\tex/latex/wrapfig\wrapfig.st
y"
\wrapoverhang=\dimen167
\WF@size=\dimen168
\c@WF@wrappedlines=\count269
\WF@box=\box59
\WF@everypar=\toks28
Package: wrapfig 2003/01/31  v 3.6
)
("C:\Users\Jorge Pulido\AppData\Roaming\MiKTeX\2.9\tex/latex/parskip\parskip.st
y"
Rollback for package 'parskip' requested -> version 'v1'.
         This corresponds to the release introduced on 2001-04-09.

("C:\Users\Jorge Pulido\AppData\Roaming\MiKTeX\2.9\tex/latex/parskip\parskip-20
01-04-09.sty"
Package: parskip 2001/04/09 non-zero parskip adjustments
)) ("C:\Program Files\MiKTeX 2.9\tex/latex/base\alltt.sty"
Package: alltt 1997/06/16 v2.0g defines alltt environment
)
("C:\Users\Jorge Pulido\AppData\Roaming\MiKTeX\2.9\tex/latex/upquote\upquote.st
y"
Package: upquote 2012/04/19 v1.3 upright-quote and grave-accent glyphs in verba
tim
)
("C:\Users\Jorge Pulido\AppData\Roaming\MiKTeX\2.9\tex/latex/capt-of\capt-of.st
y"
Package: capt-of 2009/12/29 v0.2 standard captions outside of floats
)
("C:\Users\Jorge Pulido\AppData\Roaming\MiKTeX\2.9\tex/latex/needspace\needspac
e.sty"
Package: needspace 2010/09/12 v1.3d reserve vertical space
) (sphinxhighlight.sty
Package: sphinxhighlight 2016/05/29 stylesheet for highlighting with pygments
)
("C:\Users\Jorge Pulido\AppData\Roaming\MiKTeX\2.9\tex/latex/kvoptions\kvoption
s.sty"
Package: kvoptions 2019/11/29 v3.13 Key value format for package options (HO)

("C:\Users\Jorge Pulido\AppData\Roaming\MiKTeX\2.9\tex/generic/kvsetkeys\kvsetk
eys.sty"
Package: kvsetkeys 2019/12/15 v1.18 Key value parser (HO)
))
\sphinxverbatimsep=\dimen169
\sphinxverbatimborder=\dimen170
\sphinxshadowsep=\dimen171
\sphinxshadowsize=\dimen172
\sphinxshadowrule=\dimen173
\spx@notice@border=\dimen174
\spx@image@maxheight=\dimen175
\spx@image@box=\dimen176
\c@literalblock=\count270
\sphinxcontinuationbox=\box60
\sphinxvisiblespacebox=\box61
\sphinxVerbatim@TitleBox=\box62
\sphinxVerbatim@ContentsBox=\box63
\py@argswidth=\skip77
\lineblockindentation=\skip78
\DUlineblockindent=\skip79
) ("C:\Program Files\MiKTeX 2.9\tex/latex/geometry\geometry.sty"
Package: geometry 2020/01/02 v5.9 Page Geometry

("C:\Users\Jorge Pulido\AppData\Roaming\MiKTeX\2.9\tex/generic/iftex\ifvtex.sty
"
Package: ifvtex 2019/10/25 v1.7 ifvtex legacy package. Use iftex instead.
 ("C:\Users\Jorge Pulido\AppData\Roaming\MiKTeX\2.9\tex/generic/iftex\iftex.sty
"
Package: iftex 2020/03/06 v1.0d TeX engine tests
))
\Gm@cnth=\count271
\Gm@cntv=\count272
\c@Gm@tempcnt=\count273
\Gm@bindingoffset=\dimen177
\Gm@wd@mp=\dimen178
\Gm@odd@mp=\dimen179
\Gm@even@mp=\dimen180
\Gm@layoutwidth=\dimen181
\Gm@layoutheight=\dimen182
\Gm@layouthoffset=\dimen183
\Gm@layoutvoffset=\dimen184
\Gm@dimlist=\toks29
 ("C:\Program Files\MiKTeX 2.9\tex/latex/geometry\geometry.cfg"))
("C:\Program Files\MiKTeX 2.9\tex/latex/hyperref\hyperref.sty"
Package: hyperref 2020/01/14 v7.00d Hypertext links for LaTeX

("C:\Users\Jorge Pulido\AppData\Roaming\MiKTeX\2.9\tex/latex/pdftexcmds\pdftexc
mds.sty"
Package: pdftexcmds 2019/11/24 v0.31 Utility functions of pdfTeX for LuaTeX (HO
)

("C:\Users\Jorge Pulido\AppData\Roaming\MiKTeX\2.9\tex/generic/infwarerr\infwar
err.sty"
Package: infwarerr 2019/12/03 v1.5 Providing info/warning/error messages (HO)
)
Package pdftexcmds Info: \pdf@primitive is available.
Package pdftexcmds Info: \pdf@ifprimitive is available.
Package pdftexcmds Info: \pdfdraftmode found.
)
("C:\Users\Jorge Pulido\AppData\Roaming\MiKTeX\2.9\tex/generic/kvdefinekeys\kvd
efinekeys.sty"
Package: kvdefinekeys 2019-12-19 v1.6 Define keys (HO)
)
("C:\Users\Jorge Pulido\AppData\Roaming\MiKTeX\2.9\tex/generic/pdfescape\pdfesc
ape.sty"
Package: pdfescape 2019/12/09 v1.15 Implements pdfTeX's escape features (HO)
)
("C:\Users\Jorge Pulido\AppData\Roaming\MiKTeX\2.9\tex/latex/hycolor\hycolor.st
y"
Package: hycolor 2020-01-27 v1.10 Color options for hyperref/bookmark (HO)
)
("C:\Users\Jorge Pulido\AppData\Roaming\MiKTeX\2.9\tex/latex/letltxmacro\letltx
macro.sty"
Package: letltxmacro 2019/12/03 v1.6 Let assignment for LaTeX macros (HO)
)
("C:\Users\Jorge Pulido\AppData\Roaming\MiKTeX\2.9\tex/latex/auxhook\auxhook.st
y"
Package: auxhook 2019-12-17 v1.6 Hooks for auxiliary files (HO)
)
\@linkdim=\dimen185
\Hy@linkcounter=\count274
\Hy@pagecounter=\count275
 ("C:\Program Files\MiKTeX 2.9\tex/latex/hyperref\pd1enc.def"
File: pd1enc.def 2020/01/14 v7.00d Hyperref: PDFDocEncoding definition (HO)
Now handling font encoding PD1 ...
... no UTF-8 mapping file for font encoding PD1
)
("C:\Users\Jorge Pulido\AppData\Roaming\MiKTeX\2.9\tex/generic/intcalc\intcalc.
sty"
Package: intcalc 2019/12/15 v1.3 Expandable calculations with integers (HO)
)
("C:\Users\Jorge Pulido\AppData\Roaming\MiKTeX\2.9\tex/generic/etexcmds\etexcmd
s.sty"
Package: etexcmds 2019/12/15 v1.7 Avoid name clashes with e-TeX commands (HO)
)
\Hy@SavedSpaceFactor=\count276
Package hyperref Info: Option `unicode' set `true' on input line 4421.
 ("C:\Program Files\MiKTeX 2.9\tex/latex/hyperref\puenc.def"
File: puenc.def 2020/01/14 v7.00d Hyperref: PDF Unicode definition (HO)
Now handling font encoding PU ...
... no UTF-8 mapping file for font encoding PU
)
Package hyperref Info: Option `colorlinks' set `true' on input line 4421.
Package hyperref Info: Option `breaklinks' set `true' on input line 4421.
Package hyperref Info: Hyper figures OFF on input line 4547.
Package hyperref Info: Link nesting OFF on input line 4552.
Package hyperref Info: Hyper index ON on input line 4555.
Package hyperref Info: Plain pages OFF on input line 4562.
Package hyperref Info: Backreferencing OFF on input line 4567.
Package hyperref Info: Implicit mode ON; LaTeX internals redefined.
Package hyperref Info: Bookmarks ON on input line 4800.
\c@Hy@tempcnt=\count277

("C:\Users\Jorge Pulido\AppData\Roaming\MiKTeX\2.9\tex/latex/url\url.sty"
\Urlmuskip=\muskip17
Package: url 2013/09/16  ver 3.4  Verb mode for urls, etc.
)
LaTeX Info: Redefining \url on input line 5159.
\XeTeXLinkMargin=\dimen186

("C:\Users\Jorge Pulido\AppData\Roaming\MiKTeX\2.9\tex/generic/bitset\bitset.st
y"
Package: bitset 2019/12/09 v1.3 Handle bit-vector datatype (HO)

("C:\Users\Jorge Pulido\AppData\Roaming\MiKTeX\2.9\tex/generic/bigintcalc\bigin
tcalc.sty"
Package: bigintcalc 2019/12/15 v1.5 Expandable calculations on big integers (HO
)
))
\Fld@menulength=\count278
\Field@Width=\dimen187
\Fld@charsize=\dimen188
Package hyperref Info: Hyper figures OFF on input line 6430.
Package hyperref Info: Link nesting OFF on input line 6435.
Package hyperref Info: Hyper index ON on input line 6438.
Package hyperref Info: backreferencing OFF on input line 6445.
Package hyperref Info: Link coloring ON on input line 6448.
Package hyperref Info: Link coloring with OCG OFF on input line 6455.
Package hyperref Info: PDF/A mode OFF on input line 6460.
LaTeX Info: Redefining \ref on input line 6500.
LaTeX Info: Redefining \pageref on input line 6504.

("C:\Users\Jorge Pulido\AppData\Roaming\MiKTeX\2.9\tex/generic/atbegshi\atbegsh
i.sty"
Package: atbegshi 2019/12/05 v1.19 At begin shipout hook (HO)
)
\Hy@abspage=\count279
\c@Item=\count280
\c@Hfootnote=\count281
)
Package hyperref Info: Driver (autodetected): hpdftex.
 ("C:\Program Files\MiKTeX 2.9\tex/latex/hyperref\hpdftex.def"
File: hpdftex.def 2020/01/14 v7.00d Hyperref driver for pdfTeX

("C:\Users\Jorge Pulido\AppData\Roaming\MiKTeX\2.9\tex/latex/atveryend\atveryen
d.sty"
Package: atveryend 2019-12-11 v1.11 Hooks at the very end of document (HO)
Package atveryend Info: \enddocument detected (standard20110627).
)
\Fld@listcount=\count282
\c@bookmark@seq@number=\count283

("C:\Users\Jorge Pulido\AppData\Roaming\MiKTeX\2.9\tex/latex/rerunfilecheck\rer
unfilecheck.sty"
Package: rerunfilecheck 2019/12/05 v1.9 Rerun checks for auxiliary files (HO)

("C:\Users\Jorge Pulido\AppData\Roaming\MiKTeX\2.9\tex/generic/uniquecounter\un
iquecounter.sty"
Package: uniquecounter 2019/12/15 v1.4 Provide unlimited unique counter (HO)
)
Package uniquecounter Info: New unique counter `rerunfilecheck' on input line 2
86.
)
\Hy@SectionHShift=\skip80
) ("C:\Program Files\MiKTeX 2.9\tex/latex/oberdiek\hypcap.sty"
Package: hypcap 2016/05/16 v1.12 Adjusting the anchors of captions (HO)
) (sphinxmessages.sty
Package: sphinxmessages 2019/01/04 v2.0 Localized LaTeX macros (Sphinx team)
)
\@indexfile=\write4
\openout4 = `graphlib.idx'.


Writing index file graphlib.idx

("C:\Users\Jorge Pulido\AppData\Roaming\MiKTeX\2.9\tex/latex/l3backend\l3backen
d-pdfmode.def"
File: l3backend-pdfmode.def 2020-03-12 L3 backend support: PDF mode
\l__kernel_color_stack_int=\count284
\l__pdf_internal_box=\box64
) (graphlib.aux)
\openout1 = `graphlib.aux'.

LaTeX Font Info:    Checking defaults for OML/cmm/m/it on input line 82.
LaTeX Font Info:    ... okay on input line 82.
LaTeX Font Info:    Checking defaults for OMS/cmsy/m/n on input line 82.
LaTeX Font Info:    ... okay on input line 82.
LaTeX Font Info:    Checking defaults for OT1/cmr/m/n on input line 82.
LaTeX Font Info:    ... okay on input line 82.
LaTeX Font Info:    Checking defaults for T1/cmr/m/n on input line 82.
LaTeX Font Info:    ... okay on input line 82.
LaTeX Font Info:    Checking defaults for TS1/cmr/m/n on input line 82.
LaTeX Font Info:    ... okay on input line 82.
LaTeX Font Info:    Checking defaults for OMX/cmex/m/n on input line 82.
LaTeX Font Info:    ... okay on input line 82.
LaTeX Font Info:    Checking defaults for U/cmr/m/n on input line 82.
LaTeX Font Info:    ... okay on input line 82.
LaTeX Font Info:    Checking defaults for PD1/pdf/m/n on input line 82.
LaTeX Font Info:    ... okay on input line 82.
LaTeX Font Info:    Checking defaults for PU/pdf/m/n on input line 82.
LaTeX Font Info:    ... okay on input line 82.
LaTeX Font Info:    Trying to load font information for T1+ptm on input line 82
.

("C:\Program Files\MiKTeX 2.9\tex/latex/psnfss\t1ptm.fd"
File: t1ptm.fd 2001/06/04 font definitions for T1/ptm.
)
("C:\Users\Jorge Pulido\AppData\Roaming\MiKTeX\2.9\tex/context/base/mkii\supp-p
df.mkii"
[Loading MPS to PDF converter (version 2006.09.02).]
\scratchcounter=\count285
\scratchdimen=\dimen189
\scratchbox=\box65
\nofMPsegments=\count286
\nofMParguments=\count287
\everyMPshowfont=\toks30
\MPscratchCnt=\count288
\MPscratchDim=\dimen190
\MPnumerator=\count289
\makeMPintoPDFobject=\count290
\everyMPtoPDFconversion=\toks31
)
("C:\Users\Jorge Pulido\AppData\Roaming\MiKTeX\2.9\tex/latex/epstopdf-pkg\epsto
pdf-base.sty"
Package: epstopdf-base 2020-01-24 v2.11 Base part for package epstopdf
Package epstopdf-base Info: Redefining graphics rule for `.eps' on input line 4
85.
)
*geometry* driver: auto-detecting
*geometry* detected driver: pdftex
*geometry* verbose mode - [ preamble ] result:
* driver: pdftex
* paper: letterpaper
* layout: <same size as paper>
* layoutoffset:(h,v)=(0.0pt,0.0pt)
* modes: twoside 
* h-part:(L,W,R)=(72.26999pt, 469.75502pt, 72.26999pt)
* v-part:(T,H,B)=(72.26999pt, 650.43001pt, 72.26999pt)
* \paperwidth=614.295pt
* \paperheight=794.96999pt
* \textwidth=469.75502pt
* \textheight=650.43001pt
* \oddsidemargin=0.0pt
* \evensidemargin=0.0pt
* \topmargin=-37.0pt
* \headheight=12.0pt
* \headsep=25.0pt
* \topskip=10.0pt
* \footskip=30.0pt
* \marginparwidth=36.135pt
* \marginparsep=11.0pt
* \columnsep=10.0pt
* \skip\footins=9.0pt plus 4.0pt minus 2.0pt
* \hoffset=0.0pt
* \voffset=0.0pt
* \mag=1000
* \@twocolumnfalse
* \@twosidetrue
* \@mparswitchtrue
* \@reversemarginfalse
* (1in=72.27pt=25.4mm, 1cm=28.453pt)

\AtBeginShipoutBox=\box66
Package hyperref Info: Link coloring ON on input line 82.
("C:\Program Files\MiKTeX 2.9\tex/latex/hyperref\nameref.sty"
Package: nameref 2019/09/16 v2.46 Cross-referencing by name of section

("C:\Users\Jorge Pulido\AppData\Roaming\MiKTeX\2.9\tex/latex/refcount\refcount.
sty"
Package: refcount 2019/12/15 v3.6 Data extraction from label references (HO)
)
("C:\Users\Jorge Pulido\AppData\Roaming\MiKTeX\2.9\tex/generic/gettitlestring\g
ettitlestring.sty"
Package: gettitlestring 2019/12/15 v1.6 Cleanup title references (HO)
)
\c@section@level=\count291
)
LaTeX Info: Redefining \ref on input line 82.
LaTeX Info: Redefining \pageref on input line 82.
LaTeX Info: Redefining \nameref on input line 82.
 (graphlib.out) (graphlib.out)
\@outlinefile=\write5
\openout5 = `graphlib.out'.

Package hyperref Info: Option `pageanchor' set `false' on input line 85.
LaTeX Font Info:    Trying to load font information for T1+phv on input line 85
.

("C:\Program Files\MiKTeX 2.9\tex/latex/psnfss\t1phv.fd"
File: t1phv.fd 2001/06/04 scalable font definitions for T1/phv.


LaTeX Warning: Font shape declaration has incorrect series value `mc'.
               It should not contain an `m'! Please correct it.
               Found on input line 20.


LaTeX Warning: Font shape declaration has incorrect series value `mc'.
               It should not contain an `m'! Please correct it.
               Found on input line 23.


LaTeX Warning: Font shape declaration has incorrect series value `mc'.
               It should not contain an `m'! Please correct it.
               Found on input line 26.


LaTeX Warning: Font shape declaration has incorrect series value `mc'.
               It should not contain an `m'! Please correct it.
               Found on input line 46.

)
LaTeX Font Info:    Font shape `T1/phv/b/it' in size <10> not available
(Font)              Font shape `T1/phv/b/sl' tried instead on input line 85.
LaTeX Font Info:    Font shape `T1/phv/b/it' in size <17.28> not available
(Font)              Font shape `T1/phv/b/sl' tried instead on input line 85.
<<ot1.cmap>><<oml.cmap>><<oms.cmap>><<omx.cmap>>
LaTeX Font Info:    Trying to load font information for U+msa on input line 85.


("C:\Program Files\MiKTeX 2.9\tex/latex/amsfonts\umsa.fd"
File: umsa.fd 2013/01/14 v3.01 AMS symbols A
)
LaTeX Font Info:    Trying to load font information for U+msb on input line 85.


("C:\Program Files\MiKTeX 2.9\tex/latex/amsfonts\umsb.fd"
File: umsb.fd 2013/01/14 v3.01 AMS symbols B
) [1

{C:/Users/Jorge Pulido/AppData/Local/MiKTeX/2.9/pdftex/config/pdftex.map}] [2


] (graphlib.toc)
\tf@toc=\write6
\openout6 = `graphlib.toc'.


[1

] [2

] [1] [2

]
Chapter 1.
<boxPlotTest.png, id=128, 605.3817pt x 391.2216pt>
LaTeX Font Info:    Trying to load font information for T1+pcr on input line 2.

("C:\Program Files\MiKTeX 2.9\tex/latex/psnfss\t1pcr.fd"
File: t1pcr.fd 2001/06/04 font definitions for T1/pcr.
)
File: boxPlotTest.png Graphic file (type png)
<use boxPlotTest.png>
Package pdftex.def Info: boxPlotTest.png  used on input line 2.
(pdftex.def)             Requested size: 222.27881pt x 143.64536pt.
<enhancedTableExample.png, id=131, 937.101pt x 669.2202pt>
File: enhancedTableExample.png Graphic file (type png)
<use enhancedTableExample.png>
Package pdftex.def Info: enhancedTableExample.png  used on input line 2.
(pdftex.def)             Requested size: 210.82433pt x 150.56152pt.
<horizontalBarPlotExample.png, id=133, 660.066pt x 453.3738pt>
File: horizontalBarPlotExample.png Graphic file (type png)
<use horizontalBarPlotExample.png>
Package pdftex.def Info: horizontalBarPlotExample.png  used on input line 2.
(pdftex.def)             Requested size: 219.20229pt x 150.56152pt.
<metricEvolutionGraphExample.png, id=135, 864.71056pt x 451.08525pt>
File: metricEvolutionGraphExample.png Graphic file (type png)
<use metricEvolutionGraphExample.png>
Package pdftex.def Info: metricEvolutionGraphExample.png  used on input line 2.

(pdftex.def)             Requested size: 222.27292pt x 115.95097pt.
 [3]
<ocurrPieChartExample.png, id=142, 710.29366pt x 490.2315pt>
File: ocurrPieChartExample.png Graphic file (type png)
<use ocurrPieChartExample.png>
Package pdftex.def Info: ocurrPieChartExample.png  used on input line 2.
(pdftex.def)             Requested size: 218.15117pt x 150.56152pt.
<testOcurrenceTable.png, id=144, 552.0625pt x 512.91624pt>
File: testOcurrenceTable.png Graphic file (type png)
<use testOcurrenceTable.png>
Package pdftex.def Info: testOcurrenceTable.png  used on input line 2.
(pdftex.def)             Requested size: 162.04834pt x 150.56152pt.
<PolarBarPlotExample.png, id=146, 597.432pt x 601.2864pt>
File: PolarBarPlotExample.png Graphic file (type png)
<use PolarBarPlotExample.png>
Package pdftex.def Info: PolarBarPlotExample.png  used on input line 2.
(pdftex.def)             Requested size: 149.59465pt x 150.56152pt.
<progressPlotExample.png, id=148, 797.74036pt x 399.05086pt>
File: progressPlotExample.png Graphic file (type png)
<use progressPlotExample.png>
Package pdftex.def Info: progressPlotExample.png  used on input line 2.
(pdftex.def)             Requested size: 222.27025pt x 111.19154pt.
 [4 <./boxPlotTest.png> <./enhancedTableExample.png> <./horizontalBarPlotExampl
e.png> <./metricEvolutionGraphExample.png>]
<radarArrayExample.png, id=158, 771.8436pt x 748.4763pt>
File: radarArrayExample.png Graphic file (type png)
<use radarArrayExample.png>
Package pdftex.def Info: radarArrayExample.png  used on input line 2.
(pdftex.def)             Requested size: 155.26106pt x 150.56152pt.
<scatterPlotExample.png, id=160, 705.837pt x 659.46375pt>
File: scatterPlotExample.png Graphic file (type png)
<use scatterPlotExample.png>
Package pdftex.def Info: scatterPlotExample.png  used on input line 2.
(pdftex.def)             Requested size: 161.1436pt x 150.56152pt.
<stackedBarsExample.png, id=162, 482.40225pt x 267.03764pt>
File: stackedBarsExample.png Graphic file (type png)
<use stackedBarsExample.png>
Package pdftex.def Info: stackedBarsExample.png  used on input line 2.
(pdftex.def)             Requested size: 222.27576pt x 123.04253pt.
 [5 <./ocurrPieChartExample.png> <./testOcurrenceTable.png> <./PolarBarPlotExam
ple.png> <./progressPlotExample.png>]
<verticalBarPlotExample.png, id=172, 759.43726pt x 424.82715pt>
File: verticalBarPlotExample.png Graphic file (type png)
<use verticalBarPlotExample.png>
Package pdftex.def Info: verticalBarPlotExample.png  used on input line 2.
(pdftex.def)             Requested size: 222.27066pt x 124.3376pt.
<scattHistTest.png, id=174, 492.52005pt x 514.0806pt>
File: scattHistTest.png Graphic file (type png)
<use scattHistTest.png>
Package pdftex.def Info: scattHistTest.png  used on input line 2.
(pdftex.def)             Requested size: 144.24002pt x 150.56152pt.
 [6 <./radarArrayExample.png> <./scatterPlotExample.png> <./stackedBarsExample.
png>] [7 <./verticalBarPlotExample.png> <./scattHistTest.png>] [8

]
Chapter 2.
[9]
LaTeX Font Info:    Trying to load font information for TS1+pcr on input line 3
13.
 ("C:\Program Files\MiKTeX 2.9\tex/latex/psnfss\ts1pcr.fd"
File: ts1pcr.fd 2001/06/04 font definitions for TS1/pcr.
)
<boxPlotTest1.png, id=201, 605.3817pt x 391.2216pt>
File: boxPlotTest1.png Graphic file (type png)
<use boxPlotTest1.png>
Package pdftex.def Info: boxPlotTest1.png  used on input line 320.
(pdftex.def)             Requested size: 451.68457pt x 291.89323pt.
 [10 <./boxPlotTest1.png>]
Chapter 3.
[11

]
<enhancedTableExample1.png, id=212, 937.101pt x 669.2202pt>
File: enhancedTableExample1.png Graphic file (type png)
<use enhancedTableExample1.png>
Package pdftex.def Info: enhancedTableExample1.png  used on input line 438.
(pdftex.def)             Requested size: 451.68457pt x 322.55975pt.
 [12] [13 <./enhancedTableExample1.png>] [14

]
Chapter 4.
LaTeX Font Info:    Trying to load font information for TS1+ptm on input line 5
05.
("C:\Program Files\MiKTeX 2.9\tex/latex/psnfss\ts1ptm.fd"
File: ts1ptm.fd 2001/06/04 font definitions for TS1/ptm.
) [15]
<horizontalBarPlotExample1.png, id=232, 660.066pt x 453.3738pt>
File: horizontalBarPlotExample1.png Graphic file (type png)
<use horizontalBarPlotExample1.png>
Package pdftex.def Info: horizontalBarPlotExample1.png  used on input line 591.

(pdftex.def)             Requested size: 451.68457pt x 310.24095pt.
 [16] [17 <./horizontalBarPlotExample1.png>] [18

]
Chapter 5.
[19]
<metricEvolutionGraphExample1.png, id=251, 864.71056pt x 451.08525pt>
File: metricEvolutionGraphExample1.png Graphic file (type png)
<use metricEvolutionGraphExample1.png>
Package pdftex.def Info: metricEvolutionGraphExample1.png  used on input line 7
47.
(pdftex.def)             Requested size: 451.68457pt x 235.62566pt.
 [20] [21 <./metricEvolutionGraphExample1.png>] [22

]
Chapter 6.
[23]
<ocurrPieChartExample1.png, id=271, 710.29366pt x 490.2315pt>
File: ocurrPieChartExample1.png Graphic file (type png)
<use ocurrPieChartExample1.png>
Package pdftex.def Info: ocurrPieChartExample1.png  used on input line 866.
(pdftex.def)             Requested size: 451.68457pt x 311.74236pt.
 [24 <./ocurrPieChartExample1.png>]
Chapter 7.
[25

]
<testOcurrenceTable1.png, id=282, 552.0625pt x 512.91624pt>
File: testOcurrenceTable1.png Graphic file (type png)
<use testOcurrenceTable1.png>
Package pdftex.def Info: testOcurrenceTable1.png  used on input line 984.
(pdftex.def)             Requested size: 451.68457pt x 419.67834pt.
 [26] [27 <./testOcurrenceTable1.png>] [28

]
Chapter 8.
[29]
LaTeX Font Info:    Font shape `T1/pcr/m/it' in size <9> not available
(Font)              Font shape `T1/pcr/m/sl' tried instead on input line 1066.
<PolarBarPlotExample1.png, id=302, 597.432pt x 601.2864pt>
File: PolarBarPlotExample1.png Graphic file (type png)
<use PolarBarPlotExample1.png>
Package pdftex.def Info: PolarBarPlotExample1.png  used on input line 1087.
(pdftex.def)             Requested size: 469.76913pt x 472.82742pt.
 [30] [31 <./PolarBarPlotExample1.png>] [32

]
Chapter 9.
[33] [34]
<progressPlotExample1.png, id=327, 797.74036pt x 399.05086pt>
File: progressPlotExample1.png Graphic file (type png)
<use progressPlotExample1.png>
Package pdftex.def Info: progressPlotExample1.png  used on input line 1267.
(pdftex.def)             Requested size: 451.68457pt x 225.94518pt.
 [35 <./progressPlotExample1.png>] [36

]
Chapter 10.
[37] [38]
<radarArrayExample1.png, id=346, 771.8436pt x 748.4763pt>
File: radarArrayExample1.png Graphic file (type png)
<use radarArrayExample1.png>
Package pdftex.def Info: radarArrayExample1.png  used on input line 1444.
(pdftex.def)             Requested size: 451.68457pt x 438.02248pt.
 [39 <./radarArrayExample1.png>] [40

]
Chapter 11.

Underfull \hbox (badness 10000) in paragraph at lines 1453--1453
[]\T1/ptm/m/it/10 df\T1/ptm/m/n/10 , \T1/ptm/m/it/10 graph-Ti-tle\T1/ptm/m/n/10
 , \T1/ptm/m/it/10 group-Col\T1/ptm/m/n/10 , \T1/ptm/m/it/10 cor-reCols=None\T1
/ptm/m/n/10 , \T1/ptm/m/it/10 save=True\T1/ptm/m/n/10 ,
 []

[41]
<scatterPlotExample1.png, id=362, 705.837pt x 659.46375pt>
File: scatterPlotExample1.png Graphic file (type png)
<use scatterPlotExample1.png>
Package pdftex.def Info: scatterPlotExample1.png  used on input line 1532.
(pdftex.def)             Requested size: 451.68457pt x 422.0151pt.
 [42 <./scatterPlotExample1.png>]
Chapter 12.
[43

]
<scattHistTest1.png, id=373, 492.52005pt x 514.0806pt>
File: scattHistTest1.png Graphic file (type png)
<use scattHistTest1.png>
Package pdftex.def Info: scattHistTest1.png  used on input line 1649.
(pdftex.def)             Requested size: 451.68457pt x 471.46948pt.
 [44] [45 <./scattHistTest1.png>] [46

]
Chapter 13.
[47]
<stackedBarsExample1.png, id=393, 482.40225pt x 267.03764pt>
File: stackedBarsExample1.png Graphic file (type png)
<use stackedBarsExample1.png>
Package pdftex.def Info: stackedBarsExample1.png  used on input line 1762.
(pdftex.def)             Requested size: 451.68457pt x 250.04562pt.
 [48 <./stackedBarsExample1.png>]
Chapter 14.
[49

] [50

]
Chapter 15.
[51]
<verticalBarPlotExample1.png, id=414, 759.43726pt x 424.82715pt>
File: verticalBarPlotExample1.png Graphic file (type png)
<use verticalBarPlotExample1.png>
Package pdftex.def Info: verticalBarPlotExample1.png  used on input line 1974.
(pdftex.def)             Requested size: 451.68457pt x 252.6748pt.
 [52] [53 <./verticalBarPlotExample1.png>] [54

]
Chapter 16.
[55] [56

] [57


] (graphlib.ind [58


] [59

])
Package atveryend Info: Empty hook `BeforeClearDocument' on input line 2029.
Package atveryend Info: Empty hook `AfterLastShipout' on input line 2029.
 (graphlib.aux)
Package atveryend Info: Executing hook `AtVeryEndDocument' on input line 2029.
Package atveryend Info: Executing hook `AtEndAfterFileList' on input line 2029.

Package rerunfilecheck Info: File `graphlib.out' has not changed.
(rerunfilecheck)             Checksum: 147B16BE7F54A49BCC8E88D7D7E2C88C;1989.
Package atveryend Info: Empty hook `AtVeryVeryEnd' on input line 2029.
 ) 
Here is how much of TeX's memory you used:
 13765 strings out of 480900
 200655 string characters out of 2908210
 600706 words of memory out of 3000000
 29186 multiletter control sequences out of 15000+200000
 579252 words of font info for 84 fonts, out of 3000000 for 9000
 1142 hyphenation exceptions out of 8191
 38i,14n,49p,868b,639s stack positions out of 5000i,500n,10000p,200000b,50000s
{C:/Program Files/MiKTeX 2.9/fonts/enc/dvips/base/8r.enc}<C:/Program Files/Mi
KTeX 2.9/fonts/type1/urw/courier/ucrb8a.pfb><C:/Program Files/MiKTeX 2.9/fonts/
type1/urw/courier/ucrr8a.pfb><C:/Program Files/MiKTeX 2.9/fonts/type1/urw/couri
er/ucrro8a.pfb><C:/Program Files/MiKTeX 2.9/fonts/type1/urw/helvetic/uhvb8a.pfb
><C:/Program Files/MiKTeX 2.9/fonts/type1/urw/helvetic/uhvbo8a.pfb><C:/Program 
Files/MiKTeX 2.9/fonts/type1/urw/helvetic/uhvr8a.pfb><C:/Program Files/MiKTeX 2
.9/fonts/type1/urw/times/utmb8a.pfb><C:/Program Files/MiKTeX 2.9/fonts/type1/ur
w/times/utmr8a.pfb><C:/Program Files/MiKTeX 2.9/fonts/type1/urw/times/utmri8a.p
fb>
Output written on graphlib_old.pdf (63 pages, 10748239 bytes).
PDF statistics:
 560 PDF objects out of 1000 (max. 8388607)
 96 named destinations out of 1000 (max. 500000)
 295 words of extra memory for PDF output out of 10000 (max. 10000000)

